[2025-05-26 14:58:43] [INFO] get_session_service: Sesión obtenida correctamente.
[2025-05-26 14:58:43] [INFO] get_session_service: Sesión obtenida correctamente.
[2025-05-26 14:59:35] [INFO] Saliendo del sistema POS...
[2025-05-26 14:59:39] [INFO] get_session_service: Sesión obtenida correctamente.
[2025-05-26 14:59:39] [INFO] get_session_service: Sesión obtenida correctamente.
[2025-05-26 15:00:20] [INFO] Saliendo del sistema POS...
[2025-05-26 15:00:23] [INFO] get_session_service: Sesión obtenida correctamente.
[2025-05-26 15:00:23] [INFO] get_session_service: Sesión obtenida correctamente.
[2025-05-26 15:02:03] [INFO] Saliendo del sistema POS...
[2025-05-26 15:02:05] [INFO] get_session_service: Sesión obtenida correctamente.
[2025-05-26 15:02:05] [INFO] get_session_service: Sesión obtenida correctamente.
[2025-05-26 15:03:59] [INFO] Saliendo del sistema POS...
[2025-05-26 15:04:09] [INFO] get_session_service: Sesión obtenida correctamente.
[2025-05-26 15:04:09] [INFO] get_session_service: Sesión obtenida correctamente.
[2025-05-26 15:04:53] [INFO] Iniciando nueva venta...
[2025-05-26 15:04:53] [INFO] Creando un nuevo carrito
[2025-05-26 15:04:53] [INFO] Sistema POS iniciado.
[2025-05-26 15:05:04] [INFO] El carrito ha sido limpiado
[2025-05-26 15:05:14] [INFO] Se listaron 2 producto(s) desde el repositorio.
[2025-05-26 15:05:14] [INFO] Se listaron 2 productos correctamente.
[2025-05-26 15:05:20] [INFO] Iniciando nueva venta...
[2025-05-26 15:05:20] [INFO] Creando un nuevo carrito
[2025-05-26 15:05:20] [INFO] Sistema POS iniciado.
[2025-05-26 15:05:49] [INFO] Producto con barcode '7500000000001' encontrado.
[2025-05-26 15:12:49] [ERROR] No se puede encontrar el producto en el carrito
[2025-05-26 15:12:49] [INFO] El producto ha sido agregado al carrito
[2025-05-26 15:13:30] [ERROR] Pago insuficiente en calculate_change_service.
[2025-05-26 15:13:30] [INFO] El carrito ha sido limpiado
[2025-05-26 15:13:30] [INFO] Venta finalizada correctamente.
[2025-05-26 15:13:48] [INFO] Saliendo del sistema POS...
[2025-05-26 15:14:05] [INFO] get_session_service: Sesión obtenida correctamente.
[2025-05-26 15:14:05] [INFO] get_session_service: Sesión obtenida correctamente.
[2025-05-26 15:14:08] [INFO] Iniciando nueva venta...
[2025-05-26 15:14:08] [INFO] Creando un nuevo carrito
[2025-05-26 15:14:08] [INFO] Sistema POS iniciado.
[2025-05-26 15:14:15] [INFO] Producto con barcode '7500000000001' encontrado.
[2025-05-26 15:14:53] [ERROR] No se puede encontrar el producto en el carrito
[2025-05-26 15:14:53] [INFO] El producto ha sido agregado al carrito
[2025-05-26 15:15:07] [INFO] El carrito ha sido limpiado
[2025-05-26 15:15:07] [INFO] Venta finalizada correctamente.
[2025-05-26 15:15:19] [INFO] Saliendo del sistema POS...
[2025-05-26 15:25:04] [INFO] get_session_service: Sesión obtenida correctamente.
[2025-05-26 15:25:04] [INFO] get_session_service: Sesión obtenida correctamente.
[2025-05-26 15:25:16] [INFO] Iniciando nueva venta...
[2025-05-26 15:25:16] [INFO] Creando un nuevo carrito
[2025-05-26 15:25:16] [INFO] Sistema POS iniciado.
[2025-05-26 15:25:17] [INFO] El carrito ha sido limpiado
[2025-05-26 15:25:22] [INFO] Iniciando nueva venta...
[2025-05-26 15:25:22] [INFO] Creando un nuevo carrito
[2025-05-26 15:25:22] [INFO] Sistema POS iniciado.
[2025-05-26 15:25:51] [INFO] Producto con barcode '7500000000001' encontrado.
[2025-05-26 15:26:06] [ERROR] No se puede encontrar el producto en el carrito
[2025-05-26 15:26:06] [INFO] El producto ha sido agregado al carrito
[2025-05-26 15:26:29] [ERROR] Pago insuficiente en calculate_change_service.
[2025-05-26 15:26:37] [INFO] El carrito ha sido limpiado
[2025-05-26 15:26:37] [INFO] Venta finalizada correctamente.
[2025-05-26 15:41:18] [INFO] Saliendo del sistema POS...
[2025-05-26 15:41:24] [INFO] get_session_service: Sesión obtenida correctamente.
[2025-05-26 15:41:24] [INFO] get_session_service: Sesión obtenida correctamente.
[2025-05-26 15:41:38] [INFO] Iniciando nueva venta...
[2025-05-26 15:41:38] [INFO] Creando un nuevo carrito
[2025-05-26 15:41:38] [INFO] Sistema POS iniciado.
[2025-05-26 15:41:44] [INFO] Producto con barcode '7500000000001' encontrado.
[2025-05-26 15:43:03] [ERROR] No se puede encontrar el producto en el carrito
[2025-05-26 15:43:03] [INFO] El producto ha sido agregado al carrito
[2025-05-26 15:43:24] [INFO] El carrito ha sido limpiado
[2025-05-26 15:43:24] [INFO] Venta finalizada correctamente.
[2025-05-26 15:45:40] [INFO] Saliendo del sistema POS...
[2025-05-26 15:45:47] [INFO] get_session_service: Sesión obtenida correctamente.
[2025-05-26 15:45:47] [INFO] get_session_service: Sesión obtenida correctamente.
[2025-05-26 15:45:52] [INFO] Iniciando nueva venta...
[2025-05-26 15:45:52] [INFO] Creando un nuevo carrito
[2025-05-26 15:45:52] [INFO] Sistema POS iniciado.
[2025-05-26 15:46:01] [INFO] Producto con barcode '7500000000001' encontrado.
[2025-05-26 15:46:25] [ERROR] No se puede encontrar el producto en el carrito
[2025-05-26 15:46:25] [INFO] El producto ha sido agregado al carrito
[2025-05-26 15:46:29] [INFO] El carrito ha sido limpiado
[2025-05-26 15:46:29] [INFO] Venta finalizada correctamente.
[2025-05-26 15:47:11] [INFO] Saliendo del sistema POS...
[2025-05-26 15:47:15] [INFO] get_session_service: Sesión obtenida correctamente.
[2025-05-26 15:47:15] [INFO] get_session_service: Sesión obtenida correctamente.
[2025-05-26 15:47:17] [INFO] Iniciando nueva venta...
[2025-05-26 15:47:17] [INFO] Creando un nuevo carrito
[2025-05-26 15:47:17] [INFO] Sistema POS iniciado.
[2025-05-26 15:47:31] [INFO] Producto con barcode '7500000000001' encontrado.
[2025-05-26 15:47:41] [ERROR] No se puede encontrar el producto en el carrito
[2025-05-26 15:47:41] [INFO] El producto ha sido agregado al carrito
[2025-05-26 15:48:18] [INFO] El carrito ha sido limpiado
[2025-05-26 15:48:18] [INFO] Venta finalizada correctamente.
[2025-05-26 15:49:25] [INFO] Saliendo del sistema POS...
[2025-05-26 15:49:29] [INFO] get_session_service: Sesión obtenida correctamente.
[2025-05-26 15:49:29] [INFO] get_session_service: Sesión obtenida correctamente.
[2025-05-26 15:49:30] [INFO] Iniciando nueva venta...
[2025-05-26 15:49:30] [INFO] Creando un nuevo carrito
[2025-05-26 15:49:30] [INFO] Sistema POS iniciado.
[2025-05-26 15:49:36] [INFO] Producto con barcode '7500000000001' encontrado.
[2025-05-26 15:49:38] [ERROR] No se puede encontrar el producto en el carrito
[2025-05-26 15:49:38] [INFO] El producto ha sido agregado al carrito
[2025-05-26 15:49:39] [INFO] El carrito ha sido limpiado
[2025-05-26 15:49:39] [INFO] Venta finalizada correctamente.
[2025-05-26 15:50:08] [INFO] Saliendo del sistema POS...
[2025-05-26 15:50:10] [INFO] get_session_service: Sesión obtenida correctamente.
[2025-05-26 15:50:10] [INFO] get_session_service: Sesión obtenida correctamente.
[2025-05-26 15:50:11] [INFO] Iniciando nueva venta...
[2025-05-26 15:50:11] [INFO] Creando un nuevo carrito
[2025-05-26 15:50:11] [INFO] Sistema POS iniciado.
[2025-05-26 15:50:23] [INFO] Producto con barcode '7500000000001' encontrado.
[2025-05-26 15:50:24] [ERROR] No se puede encontrar el producto en el carrito
[2025-05-26 15:50:24] [INFO] El producto ha sido agregado al carrito
[2025-05-26 15:50:33] [INFO] El carrito ha sido limpiado
[2025-05-26 15:50:33] [INFO] Venta finalizada correctamente.
[2025-05-26 15:51:20] [INFO] Saliendo del sistema POS...
[2025-05-26 15:51:22] [INFO] get_session_service: Sesión obtenida correctamente.
[2025-05-26 15:51:22] [INFO] get_session_service: Sesión obtenida correctamente.
[2025-05-26 15:51:26] [INFO] Iniciando nueva venta...
[2025-05-26 15:51:26] [INFO] Creando un nuevo carrito
[2025-05-26 15:51:26] [INFO] Sistema POS iniciado.
[2025-05-26 15:51:33] [INFO] Producto con barcode '7500000000001' encontrado.
[2025-05-26 15:51:34] [ERROR] No se puede encontrar el producto en el carrito
[2025-05-26 15:51:34] [INFO] El producto ha sido agregado al carrito
[2025-05-26 15:51:38] [INFO] El carrito ha sido limpiado
[2025-05-26 15:51:38] [INFO] Venta finalizada correctamente.
[2025-05-26 16:17:19] [INFO] Saliendo del sistema POS...
[2025-05-26 16:17:22] [INFO] get_session_service: Sesión obtenida correctamente.
[2025-05-26 16:17:22] [INFO] get_session_service: Sesión obtenida correctamente.
[2025-05-26 16:17:26] [INFO] Iniciando nueva venta...
[2025-05-26 16:17:26] [INFO] Sistema POS iniciado.
[2025-05-26 16:17:26] [INFO] Creando un nuevo carrito
[2025-05-26 16:17:37] [INFO] Producto con barcode '7500000000001' encontrado.
[2025-05-26 16:17:53] [ERROR] No se puede encontrar el producto en el carrito
[2025-05-26 16:17:53] [INFO] El producto ha sido agregado al carrito
[2025-05-26 16:18:04] [ERROR] Pago insuficiente en calculate_change_service.
[2025-05-26 16:18:14] [INFO] El carrito ha sido limpiado
[2025-05-26 16:18:14] [INFO] Venta finalizada correctamente.
[2025-05-26 16:31:17] [INFO] Saliendo del sistema POS...
[2025-05-26 16:32:07] [INFO] get_session_service: Sesión obtenida correctamente.
[2025-05-26 16:32:07] [INFO] get_session_service: Sesión obtenida correctamente.
[2025-05-26 16:32:08] [INFO] Iniciando nueva venta...
[2025-05-26 16:32:08] [INFO] Sistema POS iniciado.
[2025-05-26 16:32:08] [INFO] Creando un nuevo carrito
[2025-05-26 16:32:34] [INFO] Producto con barcode '7500000000001' encontrado.
[2025-05-26 16:34:56] [ERROR] No se puede encontrar el producto en el carrito
[2025-05-26 16:34:56] [INFO] El producto ha sido agregado al carrito
[2025-05-26 16:35:03] [INFO] El carrito ha sido limpiado
[2025-05-26 16:35:03] [INFO] Venta finalizada correctamente.
[2025-05-26 16:37:19] [INFO] Saliendo del sistema POS...
[2025-05-26 17:39:09] [INFO] get_session_service: Sesión obtenida correctamente.
[2025-05-26 17:39:09] [INFO] get_session_service: Sesión obtenida correctamente.
[2025-05-26 17:39:12] [INFO] Iniciando nueva venta...
[2025-05-26 17:39:12] [INFO] Sistema POS iniciado.
[2025-05-26 17:39:12] [INFO] Creando un nuevo carrito
[2025-05-26 17:39:36] [INFO] Producto con barcode '7500000000001' encontrado.
[2025-05-26 17:39:36] [ERROR] No se puede encontrar el producto en el carrito
[2025-05-26 17:39:36] [INFO] El producto ha sido agregado al carrito
[2025-05-26 18:12:54] [INFO] Producto con barcode '7500000000001' encontrado.
[2025-05-26 18:17:24] [INFO] Producto con barcode '7500000000002' encontrado.
[2025-05-26 18:17:24] [ERROR] No se puede encontrar el producto en el carrito
[2025-05-26 18:17:24] [INFO] El producto ha sido agregado al carrito
[2025-05-26 18:18:35] [INFO] El carrito ha sido limpiado
[2025-05-26 18:18:35] [INFO] Venta finalizada correctamente.
[2025-05-26 18:18:39] [INFO] Saliendo del sistema POS...
[2025-05-26 18:20:38] [INFO] get_session_service: Sesión obtenida correctamente.
[2025-05-26 18:20:38] [INFO] get_session_service: Sesión obtenida correctamente.
[2025-05-26 18:20:47] [INFO] Iniciando nueva venta...
[2025-05-26 18:20:47] [INFO] Sistema POS iniciado.
[2025-05-26 18:20:47] [INFO] Creando un nuevo carrito
[2025-05-26 18:21:03] [WARNING] No se encontró el producto con barcode '7500000000000'.
[2025-05-26 18:21:03] [WARNING] Producto no encontrado en add_product_by_barcode_service.
[2025-05-26 18:21:25] [INFO] El carrito ha sido limpiado
[2025-05-26 18:21:29] [INFO] Saliendo del sistema POS...
[2025-05-26 18:27:37] [INFO] get_session_service: Sesión obtenida correctamente.
[2025-05-26 18:27:37] [INFO] get_session_service: Sesión obtenida correctamente.
[2025-05-26 18:27:39] [INFO] Saliendo del sistema POS...
[2025-05-26 18:30:09] [INFO] get_session_service: Sesión obtenida correctamente.
[2025-05-26 18:30:09] [INFO] get_session_service: Sesión obtenida correctamente.
[2025-05-26 18:30:12] [INFO] Iniciando nueva venta...
[2025-05-26 18:30:12] [INFO] Sistema POS iniciado.
[2025-05-26 18:30:12] [INFO] Creando un nuevo carrito
[2025-05-26 18:30:25] [INFO] Producto con barcode '7500000000001' encontrado.
[2025-05-26 18:30:32] [INFO] Producto con barcode '7500000000001' encontrado.
[2025-05-26 18:30:32] [ERROR] No se puede encontrar el producto en el carrito
[2025-05-26 18:30:32] [INFO] El producto ha sido agregado al carrito
[2025-05-26 18:31:46] [INFO] El carrito ha sido limpiado
[2025-05-26 18:31:49] [INFO] Saliendo del sistema POS...
[2025-05-26 18:31:56] [INFO] get_session_service: Sesión obtenida correctamente.
[2025-05-26 18:31:56] [INFO] get_session_service: Sesión obtenida correctamente.
[2025-05-26 18:31:57] [INFO] Iniciando nueva venta...
[2025-05-26 18:31:57] [INFO] Sistema POS iniciado.
[2025-05-26 18:31:57] [INFO] Creando un nuevo carrito
[2025-05-26 18:32:07] [INFO] Producto con barcode '7500000000001' encontrado.
[2025-05-26 18:33:11] [INFO] Producto con barcode '7500000000001' encontrado.
[2025-05-26 18:33:11] [ERROR] No se puede encontrar el producto en el carrito
[2025-05-26 18:33:11] [INFO] El producto ha sido agregado al carrito
[2025-05-26 18:33:15] [INFO] El carrito ha sido limpiado
[2025-05-26 18:33:16] [INFO] Saliendo del sistema POS...
[2025-05-26 18:33:21] [INFO] get_session_service: Sesión obtenida correctamente.
[2025-05-26 18:33:21] [INFO] get_session_service: Sesión obtenida correctamente.
[2025-05-26 18:33:23] [INFO] Iniciando nueva venta...
[2025-05-26 18:33:23] [INFO] Sistema POS iniciado.
[2025-05-26 18:33:23] [INFO] Creando un nuevo carrito
[2025-05-26 18:33:50] [INFO] Producto con barcode '7500000000002' encontrado.
[2025-05-26 18:34:13] [INFO] Producto con barcode '7500000000001' encontrado.
[2025-05-26 18:34:17] [INFO] Producto con barcode '7500000000001' encontrado.
[2025-05-26 18:34:17] [ERROR] No se puede encontrar el producto en el carrito
[2025-05-26 18:34:17] [INFO] El producto ha sido agregado al carrito
[2025-05-26 18:41:34] [INFO] El carrito ha sido limpiado
[2025-05-26 18:41:35] [INFO] Saliendo del sistema POS...
[2025-05-26 18:41:41] [INFO] get_session_service: Sesión obtenida correctamente.
[2025-05-26 18:41:41] [INFO] get_session_service: Sesión obtenida correctamente.
[2025-05-26 18:41:44] [INFO] Iniciando nueva venta...
[2025-05-26 18:41:44] [INFO] Sistema POS iniciado.
[2025-05-26 18:41:44] [INFO] Creando un nuevo carrito
[2025-05-26 18:41:54] [INFO] Producto con barcode '7500000000001' encontrado.
[2025-05-26 18:41:58] [INFO] Producto con barcode '7500000000001' encontrado.
[2025-05-26 18:41:58] [ERROR] No se puede encontrar el producto en el carrito
[2025-05-26 18:41:58] [INFO] El producto ha sido agregado al carrito
[2025-05-26 18:42:14] [INFO] Producto con barcode '7500000000002' encontrado.
[2025-05-26 18:42:22] [INFO] Producto con barcode '7500000000002' encontrado.
[2025-05-26 18:42:22] [ERROR] No se pudo encontrar el producto en el carrito
[2025-05-26 18:42:22] [INFO] El producto ha sido agregado al carrito
[2025-05-26 18:43:41] [INFO] get_session_service: Sesión obtenida correctamente.
[2025-05-26 18:43:41] [INFO] get_session_service: Sesión obtenida correctamente.
[2025-05-26 18:43:45] [INFO] Iniciando nueva venta...
[2025-05-26 18:43:45] [INFO] Sistema POS iniciado.
[2025-05-26 18:43:45] [INFO] Creando un nuevo carrito
[2025-05-26 18:43:57] [INFO] Producto con barcode '7500000000002' encontrado.
[2025-05-26 18:44:02] [INFO] Producto con barcode '7500000000002' encontrado.
[2025-05-26 18:44:02] [ERROR] No se puede encontrar el producto en el carrito
[2025-05-26 18:44:02] [INFO] El producto ha sido agregado al carrito
[2025-05-26 18:56:35] [INFO] El carrito ha sido limpiado
[2025-05-26 18:56:37] [INFO] Saliendo del sistema POS...
[2025-05-26 19:08:06] [INFO] get_session_service: Sesión obtenida correctamente.
[2025-05-26 19:08:06] [INFO] get_session_service: Sesión obtenida correctamente.
[2025-05-26 19:08:11] [INFO] Iniciando nueva venta...
[2025-05-26 19:08:11] [INFO] Sistema POS iniciado.
[2025-05-26 19:08:11] [INFO] Creando un nuevo carrito
[2025-05-26 19:08:23] [INFO] Producto con barcode '7500000000002' encontrado.
[2025-05-26 19:08:33] [INFO] Producto con barcode '7500000000002' encontrado.
[2025-05-26 19:08:33] [ERROR] No se puede encontrar el producto en el carrito
[2025-05-26 19:08:33] [INFO] El producto ha sido agregado al carrito
[2025-05-26 19:08:53] [ERROR] Parámetros inválidos en finalize_cart_sale_service.
[2025-05-26 19:17:31] [INFO] Saliendo del sistema POS...
[2025-05-26 19:17:39] [INFO] get_session_service: Sesión obtenida correctamente.
[2025-05-26 19:17:39] [INFO] get_session_service: Sesión obtenida correctamente.
[2025-05-26 19:17:45] [INFO] Iniciando nueva venta...
[2025-05-26 19:17:45] [INFO] Sistema POS iniciado.
[2025-05-26 19:17:45] [INFO] Creando un nuevo carrito
[2025-05-26 19:17:58] [INFO] Producto con barcode '7500000000002' encontrado.
[2025-05-26 19:18:02] [INFO] Producto con barcode '7500000000002' encontrado.
[2025-05-26 19:18:02] [ERROR] No se puede encontrar el producto en el carrito
[2025-05-26 19:18:02] [INFO] El producto ha sido agregado al carrito
[2025-05-26 19:18:17] [INFO] El carrito ha sido limpiado
[2025-05-26 19:18:17] [INFO] Venta finalizada correctamente.
[2025-05-26 19:21:18] [INFO] Saliendo del sistema POS...
[2025-05-26 20:37:01] [INFO] get_session_service: Sesión obtenida correctamente.
[2025-05-26 20:37:01] [INFO] get_session_service: Sesión obtenida correctamente.
[2025-05-26 20:37:04] [INFO] Iniciando nueva venta...
[2025-05-26 20:37:04] [INFO] Sistema POS iniciado.
[2025-05-26 20:37:04] [INFO] Creando un nuevo carrito
[2025-05-26 20:37:21] [INFO] Producto con barcode '7500000000002' encontrado.
[2025-05-26 20:37:45] [INFO] Producto con barcode '7500000000002' encontrado.
[2025-05-26 20:37:45] [ERROR] No se puede encontrar el producto en el carrito
[2025-05-26 20:37:45] [INFO] El producto ha sido agregado al carrito
[2025-05-26 20:38:00] [INFO] El carrito ha sido limpiado
[2025-05-26 20:38:00] [INFO] Venta finalizada correctamente.
[2025-05-26 20:42:17] [INFO] Saliendo del sistema POS...
[2025-05-26 20:42:23] [INFO] get_session_service: Sesión obtenida correctamente.
[2025-05-26 20:42:23] [INFO] get_session_service: Sesión obtenida correctamente.
[2025-05-26 20:42:25] [INFO] Iniciando nueva venta...
[2025-05-26 20:42:25] [INFO] Sistema POS iniciado.
[2025-05-26 20:42:25] [INFO] Creando un nuevo carrito
[2025-05-26 20:42:34] [INFO] Producto con barcode '7500000000002' encontrado.
[2025-05-26 20:42:39] [INFO] Producto con barcode '7500000000002' encontrado.
[2025-05-26 20:42:39] [ERROR] No se puede encontrar el producto en el carrito
[2025-05-26 20:42:39] [INFO] El producto ha sido agregado al carrito
[2025-05-26 20:42:57] [INFO] El carrito ha sido limpiado
[2025-05-26 20:46:44] [INFO] get_session_service: Sesión obtenida correctamente.
[2025-05-26 20:46:44] [INFO] get_session_service: Sesión obtenida correctamente.
[2025-05-26 20:46:45] [INFO] Iniciando nueva venta...
[2025-05-26 20:46:45] [INFO] Sistema POS iniciado.
[2025-05-26 20:46:45] [INFO] Creando un nuevo carrito
[2025-05-26 20:47:09] [INFO] Producto con barcode '7500000000002' encontrado.
[2025-05-26 20:47:14] [INFO] Producto con barcode '7500000000002' encontrado.
[2025-05-26 20:47:14] [ERROR] No se puede encontrar el producto en el carrito
[2025-05-26 20:47:14] [INFO] El producto ha sido agregado al carrito
[2025-05-26 20:47:27] [INFO] El carrito ha sido limpiado
[2025-05-26 20:48:20] [INFO] get_session_service: Sesión obtenida correctamente.
[2025-05-26 20:48:20] [INFO] get_session_service: Sesión obtenida correctamente.
[2025-05-26 20:48:21] [INFO] Iniciando nueva venta...
[2025-05-26 20:48:21] [INFO] Sistema POS iniciado.
[2025-05-26 20:48:21] [INFO] Creando un nuevo carrito
[2025-05-26 20:48:29] [INFO] Producto con barcode '7500000000001' encontrado.
[2025-05-26 20:48:33] [ERROR] Parámetros inválidos en add_product_by_barcode_service.
[2025-05-26 20:49:02] [INFO] Producto con barcode '7500000000002' encontrado.
[2025-05-26 20:49:06] [INFO] Producto con barcode '7500000000002' encontrado.
[2025-05-26 20:49:06] [ERROR] No se puede encontrar el producto en el carrito
[2025-05-26 20:49:06] [INFO] El producto ha sido agregado al carrito
[2025-05-26 20:49:49] [INFO] El carrito ha sido limpiado
[2025-05-26 21:03:26] [INFO] get_session_service: Sesión obtenida correctamente.
[2025-05-26 21:03:26] [INFO] get_session_service: Sesión obtenida correctamente.
[2025-05-26 21:03:30] [INFO] Saliendo del sistema POS...
[2025-05-26 21:04:34] [INFO] get_session_service: Sesión obtenida correctamente.
[2025-05-26 21:04:34] [INFO] get_session_service: Sesión obtenida correctamente.
[2025-05-26 21:04:36] [INFO] Iniciando nueva venta...
[2025-05-26 21:04:36] [INFO] Sistema POS iniciado.
[2025-05-26 21:04:36] [INFO] Creando un nuevo carrito
[2025-05-26 21:04:49] [INFO] Producto con barcode '7500000000002' encontrado.
[2025-05-26 21:04:53] [INFO] Producto con barcode '7500000000002' encontrado.
[2025-05-26 21:04:53] [ERROR] No se puede encontrar el producto en el carrito
[2025-05-26 21:04:53] [INFO] El producto ha sido agregado al carrito
[2025-05-26 21:05:07] [INFO] El carrito ha sido limpiado
[2025-05-26 21:06:35] [INFO] get_session_service: Sesión obtenida correctamente.
[2025-05-26 21:06:35] [INFO] get_session_service: Sesión obtenida correctamente.
[2025-05-26 21:06:37] [INFO] Iniciando nueva venta...
[2025-05-26 21:06:37] [INFO] Sistema POS iniciado.
[2025-05-26 21:06:37] [INFO] Creando un nuevo carrito
[2025-05-26 21:06:45] [INFO] Producto con barcode '7500000000002' encontrado.
[2025-05-26 21:06:50] [INFO] Producto con barcode '7500000000002' encontrado.
[2025-05-26 21:06:50] [ERROR] No se puede encontrar el producto en el carrito
[2025-05-26 21:06:50] [INFO] El producto ha sido agregado al carrito
[2025-05-26 21:07:00] [INFO] El carrito ha sido limpiado
[2025-05-26 21:07:00] [INFO] Venta finalizada correctamente.
[2025-05-26 21:08:27] [INFO] Iniciando nueva venta...
[2025-05-26 21:08:27] [INFO] Sistema POS iniciado.
[2025-05-26 21:08:27] [INFO] Creando un nuevo carrito
[2025-05-26 21:08:35] [INFO] Producto con barcode '7500000000001' encontrado.
[2025-05-26 21:08:37] [INFO] Producto con barcode '7500000000001' encontrado.
[2025-05-26 21:08:37] [ERROR] No se puede encontrar el producto en el carrito
[2025-05-26 21:08:37] [INFO] El producto ha sido agregado al carrito
[2025-05-26 21:08:45] [INFO] Producto con barcode '7500000000002' encontrado.
[2025-05-26 21:08:49] [INFO] Producto con barcode '7500000000002' encontrado.
[2025-05-26 21:08:49] [ERROR] No se pudo encontrar el producto en el carrito
[2025-05-26 21:08:49] [INFO] El producto ha sido agregado al carrito
[2025-05-26 21:09:05] [INFO] El carrito ha sido limpiado
[2025-05-26 21:09:05] [INFO] Venta finalizada correctamente.
[2025-05-26 21:09:30] [INFO] Saliendo del sistema POS...
