[2025-05-20 07:38:12] [INFO] get_session_service: Sesión obtenida correctamente.
[2025-05-20 07:38:12] [INFO] get_session_service: Sesión obtenida correctamente.
[2025-05-20 07:38:17] [INFO] Iniciando nueva venta...
[2025-05-20 07:38:17] [INFO] Creando un nuevo carrito
[2025-05-20 07:38:17] [INFO] Sistema POS iniciado.
[2025-05-20 07:38:21] [INFO] El carrito ha sido limpiado
[2025-05-20 07:38:23] [INFO] Se listaron 2 producto(s) desde el repositorio.
[2025-05-20 07:38:23] [INFO] Se listaron 2 productos correctamente.
[2025-05-20 07:38:25] [INFO] Iniciando nueva venta...
[2025-05-20 07:38:25] [INFO] Creando un nuevo carrito
[2025-05-20 07:38:25] [INFO] Sistema POS iniciado.
[2025-05-20 07:38:35] [INFO] Producto con barcode '7500000000001' encontrado.
[2025-05-20 07:38:41] [ERROR] No se puede encontrar el producto en el carrito
[2025-05-20 07:38:41] [INFO] El producto ha sido agregado al carrito
[2025-05-20 07:41:09] [ERROR] Pago insuficiente en calculate_change_service.
[2025-05-20 07:41:09] [INFO] El carrito ha sido limpiado
[2025-05-20 07:41:09] [INFO] Venta finalizada correctamente.
[2025-05-20 07:41:28] [INFO] Saliendo del sistema POS...
[2025-05-20 07:55:49] [INFO] get_session_service: Sesión obtenida correctamente.
[2025-05-20 07:55:49] [INFO] get_session_service: Sesión obtenida correctamente.
[2025-05-20 07:55:51] [INFO] Se listaron 2 producto(s) desde el repositorio.
[2025-05-20 07:55:51] [INFO] Se listaron 2 productos correctamente.
[2025-05-20 07:56:03] [INFO] Iniciando nueva venta...
[2025-05-20 07:56:03] [INFO] Creando un nuevo carrito
[2025-05-20 07:56:03] [INFO] Sistema POS iniciado.
[2025-05-20 07:56:04] [INFO] Producto con barcode '7500000000001' encontrado.
[2025-05-20 07:56:08] [ERROR] No se puede encontrar el producto en el carrito
[2025-05-20 07:56:08] [INFO] El producto ha sido agregado al carrito
[2025-05-20 07:57:33] [INFO] El carrito ha sido limpiado
[2025-05-20 07:57:33] [INFO] Venta finalizada correctamente.
[2025-05-20 08:06:08] [INFO] Se listaron 2 producto(s) desde el repositorio.
[2025-05-20 08:06:08] [INFO] Se listaron 2 productos correctamente.
[2025-05-20 08:09:10] [INFO] Iniciando nueva venta...
[2025-05-20 08:09:10] [INFO] Creando un nuevo carrito
[2025-05-20 08:09:10] [INFO] Sistema POS iniciado.
[2025-05-20 08:09:34] [INFO] Producto con barcode '7500000000002' encontrado.
[2025-05-20 08:09:41] [ERROR] No se puede encontrar el producto en el carrito
[2025-05-20 08:09:41] [INFO] El producto ha sido agregado al carrito
[2025-05-20 08:09:57] [INFO] El carrito ha sido limpiado
[2025-05-20 08:09:57] [INFO] Venta finalizada correctamente.
[2025-05-20 08:58:38] [INFO] get_session_service: Sesión obtenida correctamente.
[2025-05-20 08:58:38] [INFO] get_session_service: Sesión obtenida correctamente.
[2025-05-20 08:58:42] [INFO] Se listaron 2 producto(s) desde el repositorio.
[2025-05-20 08:58:42] [INFO] Se listaron 2 productos correctamente.
[2025-05-20 08:58:52] [INFO] Iniciando nueva venta...
[2025-05-20 08:58:52] [INFO] Creando un nuevo carrito
[2025-05-20 08:58:52] [INFO] Sistema POS iniciado.
[2025-05-20 08:58:53] [INFO] Producto con barcode '7500000000002' encontrado.
[2025-05-20 08:58:55] [ERROR] No se puede encontrar el producto en el carrito
[2025-05-20 08:58:55] [INFO] El producto ha sido agregado al carrito
[2025-05-20 08:59:10] [INFO] El carrito ha sido limpiado
[2025-05-20 08:59:10] [INFO] Venta finalizada correctamente.
[2025-05-20 08:59:12] [INFO] Saliendo del sistema POS...
