[2025-05-21 09:02:36] [INFO] get_session_service: Sesi贸n obtenida correctamente.
[2025-05-21 09:02:36] [INFO] get_session_service: Sesi贸n obtenida correctamente.
[2025-05-21 09:02:39] [INFO] Saliendo del sistema POS...
[2025-05-21 09:03:19] [INFO] get_session_service: Sesi贸n obtenida correctamente.
[2025-05-21 09:03:19] [INFO] get_session_service: Sesi贸n obtenida correctamente.
[2025-05-21 09:03:22] [INFO] Iniciando nueva venta...
[2025-05-21 09:03:22] [INFO] Creando un nuevo carrito
[2025-05-21 09:03:22] [INFO] Sistema POS iniciado.
[2025-05-21 09:03:26] [INFO] El carrito ha sido limpiado
[2025-05-21 09:03:27] [INFO] Se listaron 2 producto(s) desde el repositorio.
[2025-05-21 09:03:27] [INFO] Se listaron 2 productos correctamente.
[2025-05-21 09:03:46] [INFO] Iniciando nueva venta...
[2025-05-21 09:03:46] [INFO] Creando un nuevo carrito
[2025-05-21 09:03:46] [INFO] Sistema POS iniciado.
[2025-05-21 09:04:30] [INFO] Producto con barcode '7500000000002' encontrado.
[2025-05-21 09:04:31] [ERROR] No se puede encontrar el producto en el carrito
[2025-05-21 09:04:31] [INFO] El producto ha sido agregado al carrito
[2025-05-21 09:34:41] [INFO] El carrito ha sido limpiado
[2025-05-21 09:34:41] [INFO] Venta finalizada correctamente.
[2025-05-21 09:34:43] [INFO] Saliendo del sistema POS...
