[2025-04-26 09:35:08] [INFO] get_session_service: Sesión obtenida correctamente.
[2025-04-26 09:35:08] [INFO] get_session_service: Sesión obtenida correctamente.
[2025-04-26 09:35:08] [INFO] get_session_service: Sesión obtenida correctamente.
[2025-04-26 09:35:08] [INFO] get_session_service: Sesión obtenida correctamente.
[2025-04-26 09:35:08] [INFO] get_session_service: Sesión obtenida correctamente.
[2025-04-26 09:35:08] [INFO] get_session_service: Sesión obtenida correctamente.
[2025-04-26 09:35:08] [INFO] get_session_service: Sesión obtenida correctamente.
[2025-04-26 09:35:08] [INFO] get_session_service: Sesión obtenida correctamente.
[2025-04-26 09:36:11] [WARNING] No se encontró el usuario con ID 2.
[2025-04-26 09:36:11] [ERROR] Fallo al escribir el usuario en data/users.dat
[2025-04-26 09:36:11] [INFO] get_session_service: Sesión obtenida correctamente.
[2025-04-26 09:36:11] [INFO] get_session_service: Sesión obtenida correctamente.
[2025-04-26 09:36:11] [INFO] get_session_service: Sesión obtenida correctamente.
[2025-04-26 09:36:11] [INFO] get_session_service: Sesión obtenida correctamente.
[2025-04-26 09:36:11] [INFO] get_session_service: Sesión obtenida correctamente.
[2025-04-26 09:36:11] [INFO] get_session_service: Sesión obtenida correctamente.
[2025-04-26 09:36:38] [INFO] Usuario con ID 2 encontrado en el repositorio.
[2025-04-26 09:36:38] [INFO] Usuario con ID 2 actualizado correctamente.
[2025-04-26 09:36:38] [INFO] Usuario con ID 2 actualizado correctamente.
[2025-04-26 09:36:38] [INFO] get_session_service: Sesión obtenida correctamente.
[2025-04-26 09:36:38] [INFO] get_session_service: Sesión obtenida correctamente.
[2025-04-26 09:36:38] [INFO] get_session_service: Sesión obtenida correctamente.
[2025-04-26 09:36:38] [INFO] get_session_service: Sesión obtenida correctamente.
[2025-04-26 09:36:38] [INFO] get_session_service: Sesión obtenida correctamente.
[2025-04-26 09:36:38] [INFO] get_session_service: Sesión obtenida correctamente.
[2025-04-26 09:36:43] [INFO] Se listaron 2 usuario(s) desde el repositorio.
[2025-04-26 09:36:43] [INFO] Se listaron 2 usuarios correctamente.
[2025-04-26 09:36:43] [INFO] get_session_service: Sesión obtenida correctamente.
[2025-04-26 09:36:43] [INFO] get_session_service: Sesión obtenida correctamente.
[2025-04-26 09:36:43] [INFO] get_session_service: Sesión obtenida correctamente.
[2025-04-26 09:36:43] [INFO] get_session_service: Sesión obtenida correctamente.
[2025-04-26 09:36:43] [INFO] get_session_service: Sesión obtenida correctamente.
[2025-04-26 09:36:43] [INFO] get_session_service: Sesión obtenida correctamente.
[2025-04-26 09:37:27] [WARNING] No se encontró el usuario con ID 3.
[2025-04-26 09:37:27] [ERROR] Fallo al escribir el usuario en data/users.dat
[2025-04-26 09:37:27] [INFO] get_session_service: Sesión obtenida correctamente.
[2025-04-26 09:37:27] [INFO] get_session_service: Sesión obtenida correctamente.
[2025-04-26 09:37:27] [INFO] get_session_service: Sesión obtenida correctamente.
[2025-04-26 09:37:27] [INFO] get_session_service: Sesión obtenida correctamente.
[2025-04-26 09:37:27] [INFO] get_session_service: Sesión obtenida correctamente.
[2025-04-26 09:37:27] [INFO] get_session_service: Sesión obtenida correctamente.
[2025-04-26 09:37:30] [INFO] Se listaron 3 usuario(s) desde el repositorio.
[2025-04-26 09:37:30] [INFO] Se listaron 3 usuarios correctamente.
[2025-04-26 09:37:30] [INFO] get_session_service: Sesión obtenida correctamente.
[2025-04-26 09:37:30] [INFO] get_session_service: Sesión obtenida correctamente.
[2025-04-26 09:37:30] [INFO] get_session_service: Sesión obtenida correctamente.
[2025-04-26 09:37:30] [INFO] get_session_service: Sesión obtenida correctamente.
[2025-04-26 09:37:30] [INFO] get_session_service: Sesión obtenida correctamente.
[2025-04-26 09:37:30] [INFO] get_session_service: Sesión obtenida correctamente.
[2025-04-26 09:40:16] [ERROR] No se pudo abrir el archivo 'data/auth.dat': No such file or directory
[2025-04-26 09:40:16] [WARNING] No se encontró sesión activa al intentar leer data/auth.dat
[2025-04-26 09:40:16] [WARNING] get_session_service: No existe una sesión activa.
[2025-04-26 09:40:27] [INFO] Usuario con nombre de usuario 'max' encontrado.
[2025-04-26 09:40:27] [ERROR] Fallo al escribir la sesión en data/auth.dat
[2025-04-26 09:40:27] [ERROR] create_session_service: Error al guardar la sesión.
[2025-04-26 09:40:27] [INFO] get_session_service: Sesión obtenida correctamente.
[2025-04-26 09:40:27] [INFO] get_session_service: Sesión obtenida correctamente.
[2025-04-26 09:40:27] [INFO] get_session_service: Sesión obtenida correctamente.
[2025-04-26 09:40:27] [INFO] get_session_service: Sesión obtenida correctamente.
[2025-04-26 09:40:27] [INFO] get_session_service: Sesión obtenida correctamente.
[2025-04-26 09:40:27] [INFO] get_session_service: Sesión obtenida correctamente.
[2025-04-26 09:41:09] [INFO] get_session_service: Sesión obtenida correctamente.
[2025-04-26 09:41:09] [INFO] get_session_service: Sesión obtenida correctamente.
[2025-04-26 09:41:09] [INFO] get_session_service: Sesión obtenida correctamente.
[2025-04-26 09:41:09] [INFO] get_session_service: Sesión obtenida correctamente.
[2025-04-26 09:41:09] [INFO] get_session_service: Sesión obtenida correctamente.
[2025-04-26 09:41:09] [INFO] get_session_service: Sesión obtenida correctamente.
[2025-04-26 09:41:09] [INFO] get_session_service: Sesión obtenida correctamente.
[2025-04-26 09:41:09] [INFO] get_session_service: Sesión obtenida correctamente.
[2025-04-26 09:41:46] [ERROR] No se pudo abrir el archivo 'data/auth.dat': No such file or directory
[2025-04-26 09:41:46] [WARNING] No se encontró sesión activa al intentar leer data/auth.dat
[2025-04-26 09:41:46] [WARNING] get_session_service: No existe una sesión activa.
[2025-04-26 09:41:52] [INFO] Usuario con nombre de usuario 'erik' encontrado.
[2025-04-26 09:41:52] [ERROR] Fallo al escribir la sesión en data/auth.dat
[2025-04-26 09:41:52] [ERROR] create_session_service: Error al guardar la sesión.
[2025-04-26 09:41:52] [INFO] get_session_service: Sesión obtenida correctamente.
[2025-04-26 09:41:52] [INFO] get_session_service: Sesión obtenida correctamente.
[2025-04-26 09:41:52] [INFO] get_session_service: Sesión obtenida correctamente.
[2025-04-26 09:41:52] [INFO] get_session_service: Sesión obtenida correctamente.
[2025-04-26 09:41:52] [INFO] get_session_service: Sesión obtenida correctamente.
[2025-04-26 09:41:52] [INFO] get_session_service: Sesión obtenida correctamente.
[2025-04-26 09:42:02] [INFO] get_session_service: Sesión obtenida correctamente.
[2025-04-26 09:42:02] [INFO] get_session_service: Sesión obtenida correctamente.
[2025-04-26 09:42:02] [INFO] get_session_service: Sesión obtenida correctamente.
[2025-04-26 09:42:02] [INFO] get_session_service: Sesión obtenida correctamente.
[2025-04-26 09:42:02] [INFO] get_session_service: Sesión obtenida correctamente.
[2025-04-26 09:42:02] [INFO] get_session_service: Sesión obtenida correctamente.
[2025-04-26 09:42:02] [INFO] get_session_service: Sesión obtenida correctamente.
[2025-04-26 09:42:02] [INFO] get_session_service: Sesión obtenida correctamente.
[2025-04-26 14:28:04] [ERROR] No se pudo abrir el archivo 'data/auth.dat': No such file or directory
[2025-04-26 14:28:04] [WARNING] No se encontró sesión activa al intentar leer data/auth.dat
[2025-04-26 14:28:04] [WARNING] get_session_service: No existe una sesión activa.
[2025-04-26 14:28:20] [INFO] Usuario con nombre de usuario 'diego' encontrado.
[2025-04-26 14:28:20] [ERROR] Fallo al escribir la sesión en data/auth.dat
[2025-04-26 14:28:20] [ERROR] create_session_service: Error al guardar la sesión.
[2025-04-26 14:29:47] [ERROR] No se pudo abrir el archivo 'data/products.dat': No such file or directory
[2025-04-26 14:29:47] [ERROR] No se pudo abrir el archivo data/products.dat para obtener el producto.
[2025-04-26 14:29:47] [WARNING] No se encontró producto con ID 1
[2025-04-26 14:29:47] [ERROR] No se pudo abrir el archivo 'data/products.dat': No such file or directory
[2025-04-26 14:29:47] [ERROR] No se pudo abrir el archivo data/products.dat para obtener el producto.
[2025-04-26 14:29:47] [ERROR] Fallo al escribir el producto en data/products.dat
[2025-04-26 14:29:52] [INFO] Se listaron 1 producto(s) desde el repositorio.
[2025-04-26 14:29:52] [INFO] Se listaron 1 productos correctamente.
[2025-04-26 14:31:15] [INFO] get_session_service: Sesión obtenida correctamente.
[2025-04-26 14:31:15] [INFO] get_session_service: Sesión obtenida correctamente.
[2025-04-26 14:31:22] [INFO] Producto con ID 1 encontrado en el repositorio.
[2025-04-26 14:31:27] [INFO] Se listaron 1 producto(s) desde el repositorio.
[2025-04-26 14:31:27] [INFO] Se listaron 1 productos correctamente.
[2025-04-26 14:32:00] [INFO] Producto con barcode '7500000000001' encontrado.
[2025-04-26 14:32:42] [INFO] get_session_service: Sesión obtenida correctamente.
[2025-04-26 14:32:42] [INFO] get_session_service: Sesión obtenida correctamente.
[2025-04-26 14:33:00] [INFO] Producto con nombre 'tenis nike' encontrado.
[2025-04-26 14:34:07] [INFO] Producto con ID 1 encontrado en el repositorio.
[2025-04-26 14:34:07] [INFO] Producto con ID 1 actualizado correctamente.
[2025-04-26 14:34:07] [INFO] Producto con ID 1 actualizado correctamente.
[2025-04-26 14:34:13] [INFO] Se listaron 1 producto(s) desde el repositorio.
[2025-04-26 14:34:13] [INFO] Se listaron 1 productos correctamente.
