[2025-05-27 07:41:20] [INFO] get_session_service: Sesión obtenida correctamente.
[2025-05-27 07:41:20] [INFO] get_session_service: Sesión obtenida correctamente.
[2025-05-27 07:41:26] [INFO] Iniciando nueva venta...
[2025-05-27 07:41:26] [INFO] Sistema POS iniciado.
[2025-05-27 07:41:26] [INFO] Creando un nuevo carrito
[2025-05-27 07:41:40] [INFO] Producto con barcode '7500000000002' encontrado.
[2025-05-27 07:41:44] [INFO] Producto con barcode '7500000000002' encontrado.
[2025-05-27 07:41:44] [ERROR] No se puede encontrar el producto en el carrito
[2025-05-27 07:41:44] [INFO] El producto ha sido agregado al carrito
[2025-05-27 07:41:52] [INFO] Producto con barcode '7500000000001' encontrado.
[2025-05-27 07:41:56] [INFO] Producto con barcode '7500000000001' encontrado.
[2025-05-27 07:41:56] [ERROR] No se pudo encontrar el producto en el carrito
[2025-05-27 07:41:56] [INFO] El producto ha sido agregado al carrito
[2025-05-27 07:42:04] [INFO] El carrito ha sido limpiado
[2025-05-27 07:42:04] [INFO] Venta finalizada correctamente.
[2025-05-27 07:42:23] [INFO] Saliendo del sistema POS...
[2025-05-27 07:42:46] [INFO] get_session_service: Sesión obtenida correctamente.
[2025-05-27 07:42:46] [INFO] get_session_service: Sesión obtenida correctamente.
[2025-05-27 07:42:48] [INFO] Iniciando nueva venta...
[2025-05-27 07:42:48] [INFO] Sistema POS iniciado.
[2025-05-27 07:42:48] [INFO] Creando un nuevo carrito
[2025-05-27 07:42:56] [INFO] Producto con barcode '7500000000001' encontrado.
[2025-05-27 07:42:59] [INFO] Producto con barcode '7500000000001' encontrado.
[2025-05-27 07:42:59] [ERROR] No se puede encontrar el producto en el carrito
[2025-05-27 07:42:59] [INFO] El producto ha sido agregado al carrito
[2025-05-27 07:43:07] [INFO] Producto con barcode '7500000000002' encontrado.
[2025-05-27 07:43:10] [INFO] Producto con barcode '7500000000002' encontrado.
[2025-05-27 07:43:10] [ERROR] No se pudo encontrar el producto en el carrito
[2025-05-27 07:43:10] [INFO] El producto ha sido agregado al carrito
[2025-05-27 07:43:16] [INFO] El carrito ha sido limpiado
[2025-05-27 07:43:16] [INFO] Venta finalizada correctamente.
[2025-05-27 07:44:07] [INFO] Se listaron 2 producto(s) desde el repositorio.
[2025-05-27 07:44:07] [INFO] Se listaron 2 productos correctamente.
[2025-05-27 07:44:21] [INFO] Iniciando nueva venta...
[2025-05-27 07:44:21] [INFO] Sistema POS iniciado.
[2025-05-27 07:44:21] [INFO] Creando un nuevo carrito
[2025-05-27 07:45:29] [INFO] Producto con barcode '7500000000002' encontrado.
[2025-05-27 07:45:51] [INFO] Producto con barcode '7500000000002' encontrado.
[2025-05-27 07:45:51] [ERROR] No se puede encontrar el producto en el carrito
[2025-05-27 07:45:51] [INFO] El producto ha sido agregado al carrito
[2025-05-27 07:46:34] [INFO] Producto con barcode '7500000000002' encontrado.
[2025-05-27 07:47:08] [INFO] Saliendo del sistema POS...
[2025-05-27 16:22:57] [INFO] get_session_service: Sesión obtenida correctamente.
[2025-05-27 16:22:57] [INFO] get_session_service: Sesión obtenida correctamente.
[2025-05-27 16:22:57] [WARNING] No se encontró archivo de sesión: data/sesion.dat
[2025-05-27 16:22:57] [WARNING] No hay sesión activa, no se pueden cargar permisos
[2025-05-27 16:22:57] [WARNING] No se pudieron cargar los permisos, denegando acceso
[2025-05-27 16:22:57] [WARNING] No se encontró archivo de sesión: data/sesion.dat
[2025-05-27 16:22:57] [WARNING] No hay sesión activa, no se pueden cargar permisos
[2025-05-27 16:22:57] [WARNING] No se pudieron cargar los permisos, denegando acceso
[2025-05-27 16:22:57] [WARNING] No se encontró archivo de sesión: data/sesion.dat
[2025-05-27 16:22:57] [WARNING] No hay sesión activa, no se pueden cargar permisos
[2025-05-27 16:22:57] [WARNING] No se pudieron cargar los permisos, denegando acceso
[2025-05-27 16:22:57] [WARNING] No se encontró archivo de sesión: data/sesion.dat
[2025-05-27 16:22:57] [WARNING] No hay sesión activa, no se pueden cargar permisos
[2025-05-27 16:22:57] [WARNING] No se pudieron cargar los permisos, denegando acceso
[2025-05-27 16:22:57] [WARNING] No se encontró archivo de sesión: data/sesion.dat
[2025-05-27 16:22:57] [WARNING] No hay sesión activa, no se pueden cargar permisos
[2025-05-27 16:22:57] [WARNING] No se pudieron cargar los permisos, denegando acceso
[2025-05-27 16:27:59] [INFO] get_session_service: Sesión obtenida correctamente.
[2025-05-27 16:27:59] [INFO] get_session_service: Sesión obtenida correctamente.
[2025-05-27 16:27:59] [WARNING] No se encontró archivo de sesión: data/sesion.dat
[2025-05-27 16:27:59] [WARNING] No hay sesión activa, no se pueden cargar permisos
[2025-05-27 16:27:59] [WARNING] No se pudieron cargar los permisos, denegando acceso
[2025-05-27 16:27:59] [WARNING] No se encontró archivo de sesión: data/sesion.dat
[2025-05-27 16:27:59] [WARNING] No hay sesión activa, no se pueden cargar permisos
[2025-05-27 16:27:59] [WARNING] No se pudieron cargar los permisos, denegando acceso
[2025-05-27 16:27:59] [WARNING] No se encontró archivo de sesión: data/sesion.dat
[2025-05-27 16:27:59] [WARNING] No hay sesión activa, no se pueden cargar permisos
[2025-05-27 16:27:59] [WARNING] No se pudieron cargar los permisos, denegando acceso
[2025-05-27 16:27:59] [WARNING] No se encontró archivo de sesión: data/sesion.dat
[2025-05-27 16:27:59] [WARNING] No hay sesión activa, no se pueden cargar permisos
[2025-05-27 16:27:59] [WARNING] No se pudieron cargar los permisos, denegando acceso
[2025-05-27 16:27:59] [WARNING] No se encontró archivo de sesión: data/sesion.dat
[2025-05-27 16:27:59] [WARNING] No hay sesión activa, no se pueden cargar permisos
[2025-05-27 16:27:59] [WARNING] No se pudieron cargar los permisos, denegando acceso
[2025-05-27 16:29:56] [INFO] get_session_service: Sesión obtenida correctamente.
[2025-05-27 16:29:56] [INFO] get_session_service: Sesión obtenida correctamente.
[2025-05-27 16:29:56] [INFO] Sesión cargada para usuario: diego
[2025-05-27 16:29:56] [ERROR] No se pudo abrir archivo de permisos: data/role_permissions.dat
[2025-05-27 16:29:56] [INFO] Usando permisos por defecto para rol 3
[2025-05-27 16:30:05] [INFO] Se listaron 2 producto(s) desde el repositorio.
[2025-05-27 16:30:05] [INFO] Se listaron 2 productos correctamente.
[2025-05-27 16:30:19] [INFO] get_session_service: Sesión obtenida correctamente.
[2025-05-27 16:30:19] [INFO] get_session_service: Sesión obtenida correctamente.
[2025-05-27 16:30:19] [INFO] Sesión cargada para usuario: diego
[2025-05-27 16:30:19] [ERROR] No se pudo abrir archivo de permisos: data/role_permissions.dat
[2025-05-27 16:30:19] [INFO] Usando permisos por defecto para rol 3
[2025-05-27 17:07:59] [INFO] get_session_service: Sesión obtenida correctamente.
[2025-05-27 17:07:59] [INFO] get_session_service: Sesión obtenida correctamente.
[2025-05-27 17:07:59] [INFO] Sesión cargada para usuario: diego
[2025-05-27 17:07:59] [ERROR] No se pudo abrir archivo de permisos: data/role_permissions.dat
[2025-05-27 17:07:59] [INFO] Usando permisos por defecto para rol 3
