[2025-04-29 07:38:08] [INFO] get_session_service: Sesión obtenida correctamente.
[2025-04-29 07:38:08] [INFO] get_session_service: Sesión obtenida correctamente.
[2025-04-29 07:38:12] [INFO] Saliendo del sistema POS...
[2025-04-29 07:38:15] [INFO] Se listaron 1 producto(s) desde el repositorio.
[2025-04-29 07:38:15] [INFO] Se listaron 1 productos correctamente.
[2025-04-29 07:39:29] [INFO] get_session_service: Sesión obtenida correctamente.
[2025-04-29 07:39:29] [INFO] get_session_service: Sesión obtenida correctamente.
[2025-04-29 07:39:33] [INFO] Saliendo del sistema POS...
[2025-04-29 07:40:30] [INFO] get_session_service: Sesión obtenida correctamente.
[2025-04-29 07:40:30] [INFO] get_session_service: Sesión obtenida correctamente.
[2025-04-29 07:40:34] [INFO] Saliendo del sistema POS...
[2025-04-29 07:40:50] [INFO] get_session_service: Sesión obtenida correctamente.
[2025-04-29 07:40:50] [INFO] get_session_service: Sesión obtenida correctamente.
[2025-04-29 07:41:06] [INFO] Saliendo del sistema POS...
[2025-04-29 07:41:24] [INFO] get_session_service: Sesión obtenida correctamente.
[2025-04-29 07:41:24] [INFO] get_session_service: Sesión obtenida correctamente.
[2025-04-29 07:43:28] [WARNING] No se encontró el producto con ID 2.
[2025-04-29 07:43:28] [WARNING] No se encontró producto con ID 2
[2025-04-29 07:43:28] [WARNING] No se encontró el producto con ID 2.
[2025-04-29 07:43:28] [ERROR] Fallo al escribir el producto en data/products.dat
[2025-04-29 07:43:32] [INFO] Se listaron 2 producto(s) desde el repositorio.
[2025-04-29 07:43:32] [INFO] Se listaron 2 productos correctamente.
[2025-04-29 07:43:45] [INFO] Iniciando nueva venta...
[2025-04-29 07:43:45] [INFO] Creando un nuevo carrito
[2025-04-29 07:43:45] [INFO] Sistema POS iniciado.
[2025-04-29 07:48:21] [INFO] Producto con barcode '7500000000002' encontrado.
[2025-04-29 07:48:23] [ERROR] No se puede encontrar el producto en el carrito
[2025-04-29 07:48:23] [INFO] El producto ha sido agregado al carrito
[2025-04-29 07:49:06] [INFO] El carrito ha sido limpiado
[2025-04-29 07:49:06] [INFO] Venta finalizada correctamente.
[2025-04-29 07:49:26] [INFO] Saliendo del sistema POS...
